<?xml version="1.0" encoding="UTF-8"?>
<!-- Generated by org.testng.reporters.JUnitReportReporter -->
<testsuite hostname="DESKTOP-P740TCE" failures="0" tests="3" name="com.mystore.testcases.TC_MyAccountPage" time="10.515" errors="0" timestamp="2023-08-09T09:50:40 GMT-07:00" skipped="1">
  <testcase classname="com.mystore.testcases.TC_MyAccountPage" name="VerifyLogout" time="3.250"/>
  <system-out/>
  <testcase classname="com.mystore.testcases.TC_MyAccountPage" name="VerifyLogin" time="7.265"/>
  <system-out/>
  <testcase classname="com.mystore.testcases.TC_MyAccountPage" name="verifyRegistationAndLogin">
    <skipped/>
  </testcase> <!-- verifyRegistationAndLogin -->
  <system-out/>
</testsuite> <!-- com.mystore.testcases.TC_MyAccountPage -->
