<?xml version="1.0" encoding="UTF-8"?>
<!-- Generated by org.testng.reporters.JUnitReportReporter -->
<testsuite hostname="DESKTOP-P740TCE" failures="0" tests="2" name="com.mystore.testcases.TC_ProductPageTest" time="33.514" errors="0" timestamp="2023-08-10T08:55:33 GMT-07:00" skipped="0">
  <testcase classname="com.mystore.testcases.TC_ProductPageTest" name="VerifyAddToCartWithOutLogin" time="8.059"/>
  <system-out/>
  <testcase classname="com.mystore.testcases.TC_ProductPageTest" name="VerifySeachProduct" time="25.455"/>
  <system-out/>
</testsuite> <!-- com.mystore.testcases.TC_ProductPageTest -->
