<?xml version="1.0" encoding="UTF-8"?>
<!-- Generated by org.testng.reporters.JUnitReportReporter -->
<testsuite hostname="DESKTOP-P740TCE" failures="0" tests="3" name="com.mystore.testcases.TC_MyAccountPage" time="11.710" errors="0" timestamp="2023-08-11T11:14:26 GMT-07:00" skipped="1">
  <testcase classname="com.mystore.testcases.TC_MyAccountPage" name="VerifyLogin" time="8.811"/>
  <system-out/>
  <testcase classname="com.mystore.testcases.TC_MyAccountPage" name="VerifyLogout" time="2.899"/>
  <system-out/>
  <testcase classname="com.mystore.testcases.TC_MyAccountPage" name="verifyRegistationAndLogin">
    <skipped/>
  </testcase> <!-- verifyRegistationAndLogin -->
  <system-out/>
</testsuite> <!-- com.mystore.testcases.TC_MyAccountPage -->
