<?xml version="1.0" encoding="UTF-8"?>
<!-- Generated by org.testng.reporters.JUnitReportReporter -->
<testsuite hostname="DESKTOP-P740TCE" failures="0" tests="2" name="com.mystore.testcases.TC_ProductPageTest" time="13.682" errors="0" timestamp="2023-08-11T11:14:26 GMT-07:00" skipped="0">
  <testcase classname="com.mystore.testcases.TC_ProductPageTest" name="VerifyAddToCartWithOutLogin" time="7.564"/>
  <system-out/>
  <testcase classname="com.mystore.testcases.TC_ProductPageTest" name="VerifySeachProduct" time="6.118"/>
  <system-out/>
</testsuite> <!-- com.mystore.testcases.TC_ProductPageTest -->
